<?xml version="1.0" encoding="UTF-8"?>
<!-- Generated by org.testng.reporters.JUnitXMLReporter -->
<testsuite ignored="0" hostname="LAPTOP-T9MLA83G" failures="0" tests="1" name="Testchrome" time="3.726" errors="0" timestamp="2022-12-24T23:18:24 IST">
  <testcase classname="generics.BaseTest" name="@BeforeClass setup" time="3.665">
    <failure type="org.openqa.selenium.SessionNotCreatedException" message="session not created: This version of ChromeDriver only supports Chrome version 105
Current browser version is 108.0.5359.125 with binary path C:\Program Files\Google\Chrome\Application\chrome.exe
Build info: version: &amp;apos;3.141.59&amp;apos;, revision: &amp;apos;e82be7d358&amp;apos;, time: &amp;apos;2018-11-14T08:25:53&amp;apos;
System info: host: &amp;apos;LAPTOP-T9MLA83G&amp;apos;, ip: &amp;apos;192.168.29.48&amp;apos;, os.name: &amp;apos;Windows 11&amp;apos;, os.arch: &amp;apos;amd64&amp;apos;, os.version: &amp;apos;10.0&amp;apos;, java.version: &amp;apos;19.0.1&amp;apos;
Driver info: driver.version: ChromeDriver
remote stacktrace: Backtrace:
	Ordinal0 [0x005FDF13+2219795]
	Ordinal0 [0x00592841+1779777]
	Ordinal0 [0x004A423D+803389]
	Ordinal0 [0x004C64AC+943276]
	Ordinal0 [0x004C19F0+924144]
	Ordinal0 [0x004BF179+913785]
	Ordinal0 [0x004F36B9+1128121]
	Ordinal0 [0x004F331A+1127194]
	Ordinal0 [0x004EE616+1107478]
	Ordinal0 [0x004C7F89+950153]
	Ordinal0 [0x004C8F56+954198]
	GetHandleVerifier [0x008F2CB2+3040210]
	GetHandleVerifier [0x008E2BB4+2974420]
	GetHandleVerifier [0x00696A0A+565546]
	GetHandleVerifier [0x00695680+560544]
	Ordinal0 [0x00599A5C+1808988]
	Ordinal0 [0x0059E3A8+1827752]
	Ordinal0 [0x0059E495+1827989]
	Ordinal0 [0x005A80A4+1867940]
	BaseThreadInitThunk [0x76A27D69+25]
	RtlInitializeExceptionChain [0x779DBB9B+107]
	RtlClearBits [0x779DBB1F+191]
">
      <![CDATA[org.openqa.selenium.SessionNotCreatedException: session not created: This version of ChromeDriver only supports Chrome version 105
Current browser version is 108.0.5359.125 with binary path C:\Program Files\Google\Chrome\Application\chrome.exe
Build info: version: '3.141.59', revision: 'e82be7d358', time: '2018-11-14T08:25:53'
System info: host: 'LAPTOP-T9MLA83G', ip: '192.168.29.48', os.name: 'Windows 11', os.arch: 'amd64', os.version: '10.0', java.version: '19.0.1'
Driver info: driver.version: ChromeDriver
remote stacktrace: Backtrace:
Ordinal0 [0x005FDF13+2219795]
Ordinal0 [0x00592841+1779777]
Ordinal0 [0x004A423D+803389]
Ordinal0 [0x004C64AC+943276]
Ordinal0 [0x004C19F0+924144]
Ordinal0 [0x004BF179+913785]
Ordinal0 [0x004F36B9+1128121]
Ordinal0 [0x004F331A+1127194]
Ordinal0 [0x004EE616+1107478]
Ordinal0 [0x004C7F89+950153]
Ordinal0 [0x004C8F56+954198]
GetHandleVerifier [0x008F2CB2+3040210]
GetHandleVerifier [0x008E2BB4+2974420]
GetHandleVerifier [0x00696A0A+565546]
GetHandleVerifier [0x00695680+560544]
Ordinal0 [0x00599A5C+1808988]
Ordinal0 [0x0059E3A8+1827752]
Ordinal0 [0x0059E495+1827989]
Ordinal0 [0x005A80A4+1867940]
BaseThreadInitThunk [0x76A27D69+25]
RtlInitializeExceptionChain [0x779DBB9B+107]
RtlClearBits [0x779DBB1F+191]

at org.openqa.selenium.remote.W3CHandshakeResponse.lambda$errorHandler$0(W3CHandshakeResponse.java:62)
at org.openqa.selenium.remote.HandshakeResponse.lambda$getResponseFunction$0(HandshakeResponse.java:30)
at org.openqa.selenium.remote.ProtocolHandshake.lambda$createSession$0(ProtocolHandshake.java:126)
at java.base/java.util.stream.ReferencePipeline$3$1.accept(ReferencePipeline.java:197)
at java.base/java.util.Spliterators$ArraySpliterator.tryAdvance(Spliterators.java:1016)
at java.base/java.util.stream.ReferencePipeline.forEachWithCancel(ReferencePipeline.java:129)
at java.base/java.util.stream.AbstractPipeline.copyIntoWithCancel(AbstractPipeline.java:527)
at java.base/java.util.stream.AbstractPipeline.copyInto(AbstractPipeline.java:513)
at java.base/java.util.stream.AbstractPipeline.wrapAndCopyInto(AbstractPipeline.java:499)
at java.base/java.util.stream.FindOps$FindOp.evaluateSequential(FindOps.java:150)
at java.base/java.util.stream.AbstractPipeline.evaluate(AbstractPipeline.java:234)
at java.base/java.util.stream.ReferencePipeline.findFirst(ReferencePipeline.java:647)
at org.openqa.selenium.remote.ProtocolHandshake.createSession(ProtocolHandshake.java:128)
at org.openqa.selenium.remote.ProtocolHandshake.createSession(ProtocolHandshake.java:74)
at org.openqa.selenium.remote.HttpCommandExecutor.execute(HttpCommandExecutor.java:136)
at org.openqa.selenium.remote.service.DriverCommandExecutor.execute(DriverCommandExecutor.java:83)
at org.openqa.selenium.remote.RemoteWebDriver.execute(RemoteWebDriver.java:552)
at org.openqa.selenium.remote.RemoteWebDriver.startSession(RemoteWebDriver.java:213)
at org.openqa.selenium.remote.RemoteWebDriver.<init>(RemoteWebDriver.java:131)
at org.openqa.selenium.chrome.ChromeDriver.<init>(ChromeDriver.java:181)
at org.openqa.selenium.chrome.ChromeDriver.<init>(ChromeDriver.java:168)
at org.openqa.selenium.chrome.ChromeDriver.<init>(ChromeDriver.java:123)
at generics.BaseTest.setup(BaseTest.java:43)
at java.base/java.util.ArrayList.forEach(ArrayList.java:1511)
... Removed 26 stack frames]]>
    </failure>
  </testcase> <!-- @BeforeClass setup -->
  <testcase classname="test.ActitimeloginLogout" name="login" time="0.0">
    <skipped/>
  </testcase> <!-- login -->
</testsuite> <!-- Testchrome -->
