<!DOCTYPE html PUBLIC "-//W3C//DTD XHTML 1.1//EN" "https://www.w3.org/TR/xhtml11/DTD/xhtml11.dtd">
<html xmlns="https://www.w3.org/1999/xhtml">
<head>
<meta http-equiv="content-type" content="text/html; charset=UTF-8"/>
<title>TestNG Report</title>
<style type="text/css">table {margin-bottom:10px;border-collapse:collapse;empty-cells:show}th,td {border:1px solid #009;padding:.25em .5em}th {vertical-align:bottom}td {vertical-align:top}table a {font-weight:bold}.stripe td {background-color: #E6EBF9}.num {text-align:right}.passedodd td {background-color: #3F3}.passedeven td {background-color: #0A0}.skippedodd td {background-color: #DDD}.skippedeven td {background-color: #CCC}.failedodd td,.attn {background-color: #F33}.failedeven td,.stripe .attn {background-color: #D00}.stacktrace {white-space:pre;font-family:monospace}.totop {font-size:85%;text-align:center;border-bottom:2px solid #000}.invisible {display:none}</style>
</head>
<body>
<table>
<tr><th>Test</th><th># Passed</th><th># Skipped</th><th># Retried</th><th># Failed</th><th>Time (ms)</th><th>Included Groups</th><th>Excluded Groups</th></tr>
<tr><th colspan="8">Suite</th></tr>
<tr><td><a href="#t0">Testchrome</a></td><td class="num">0</td><td class="num attn">1</td><td class="num">0</td><td class="num">0</td><td class="num">3,726</td><td></td><td></td></tr>
<tr class="stripe"><td><a href="#t1">Testedge</a></td><td class="num">0</td><td class="num attn">1</td><td class="num">0</td><td class="num">0</td><td class="num">2,185</td><td></td><td></td></tr>
<tr><th>Total</th><th class="num">0</th><th class="num attn">2</th><th class="num">0</th><th class="num">0</th><th class="num">5,911</th><th colspan="2"></th></tr>
</table>
<table id='summary'><thead><tr><th>Class</th><th>Method</th><th>Start</th><th>Time (ms)</th></tr></thead><tbody><tr><th colspan="4">Suite</th></tr></tbody><tbody id="t0"><tr><th colspan="4">Testchrome &#8212; failed (configuration methods)</th></tr><tr class="failedeven"><td rowspan="1">test.ActitimeloginLogout</td><td><a href="#m0">setup</a></td><td rowspan="1">1671904100638</td><td rowspan="1">3665</td></tr><tr><th colspan="4">Testchrome &#8212; skipped</th></tr><tr class="skippedeven"><td rowspan="1">test.ActitimeloginLogout</td><td><a href="#m1">login</a></td><td rowspan="1">1671904104322</td><td rowspan="1">0</td></tr></tbody>
<tbody id="t1"><tr><th colspan="4">Testedge &#8212; failed (configuration methods)</th></tr><tr class="failedeven"><td rowspan="1">test.ActitimeloginLogout</td><td><a href="#m2">setup</a></td><td rowspan="1">1671904104425</td><td rowspan="1">2168</td></tr><tr><th colspan="4">Testedge &#8212; skipped</th></tr><tr class="skippedeven"><td rowspan="1">test.ActitimeloginLogout</td><td><a href="#m3">login</a></td><td rowspan="1">1671904106604</td><td rowspan="1">0</td></tr></tbody>
</table>
<h2>Testchrome</h2><h3 id="m0">test.ActitimeloginLogout#setup</h3><table class="result"><tr class="param"><th>Parameter #1</th></tr><tr class="param stripe"><td>chrome</td></tr><tr><th>Exception</th></tr><tr><td><div class="stacktrace">org.openqa.selenium.SessionNotCreatedException: session not created: This version of ChromeDriver only supports Chrome version 105
Current browser version is 108.0.5359.125 with binary path C:\Program Files\Google\Chrome\Application\chrome.exe
Build info: version: &apos;3.141.59&apos;, revision: &apos;e82be7d358&apos;, time: &apos;2018-11-14T08:25:53&apos;
System info: host: &apos;LAPTOP-T9MLA83G&apos;, ip: &apos;192.168.29.48&apos;, os.name: &apos;Windows 11&apos;, os.arch: &apos;amd64&apos;, os.version: &apos;10.0&apos;, java.version: &apos;19.0.1&apos;
Driver info: driver.version: ChromeDriver
remote stacktrace: Backtrace:
	Ordinal0 [0x005FDF13+2219795]
	Ordinal0 [0x00592841+1779777]
	Ordinal0 [0x004A423D+803389]
	Ordinal0 [0x004C64AC+943276]
	Ordinal0 [0x004C19F0+924144]
	Ordinal0 [0x004BF179+913785]
	Ordinal0 [0x004F36B9+1128121]
	Ordinal0 [0x004F331A+1127194]
	Ordinal0 [0x004EE616+1107478]
	Ordinal0 [0x004C7F89+950153]
	Ordinal0 [0x004C8F56+954198]
	GetHandleVerifier [0x008F2CB2+3040210]
	GetHandleVerifier [0x008E2BB4+2974420]
	GetHandleVerifier [0x00696A0A+565546]
	GetHandleVerifier [0x00695680+560544]
	Ordinal0 [0x00599A5C+1808988]
	Ordinal0 [0x0059E3A8+1827752]
	Ordinal0 [0x0059E495+1827989]
	Ordinal0 [0x005A80A4+1867940]
	BaseThreadInitThunk [0x76A27D69+25]
	RtlInitializeExceptionChain [0x779DBB9B+107]
	RtlClearBits [0x779DBB1F+191]

	at org.openqa.selenium.remote.W3CHandshakeResponse.lambda$errorHandler$0(W3CHandshakeResponse.java:62)
	at org.openqa.selenium.remote.HandshakeResponse.lambda$getResponseFunction$0(HandshakeResponse.java:30)
	at org.openqa.selenium.remote.ProtocolHandshake.lambda$createSession$0(ProtocolHandshake.java:126)
	at java.base/java.util.stream.ReferencePipeline$3$1.accept(ReferencePipeline.java:197)
	at java.base/java.util.Spliterators$ArraySpliterator.tryAdvance(Spliterators.java:1016)
	at java.base/java.util.stream.ReferencePipeline.forEachWithCancel(ReferencePipeline.java:129)
	at java.base/java.util.stream.AbstractPipeline.copyIntoWithCancel(AbstractPipeline.java:527)
	at java.base/java.util.stream.AbstractPipeline.copyInto(AbstractPipeline.java:513)
	at java.base/java.util.stream.AbstractPipeline.wrapAndCopyInto(AbstractPipeline.java:499)
	at java.base/java.util.stream.FindOps$FindOp.evaluateSequential(FindOps.java:150)
	at java.base/java.util.stream.AbstractPipeline.evaluate(AbstractPipeline.java:234)
	at java.base/java.util.stream.ReferencePipeline.findFirst(ReferencePipeline.java:647)
	at org.openqa.selenium.remote.ProtocolHandshake.createSession(ProtocolHandshake.java:128)
	at org.openqa.selenium.remote.ProtocolHandshake.createSession(ProtocolHandshake.java:74)
	at org.openqa.selenium.remote.HttpCommandExecutor.execute(HttpCommandExecutor.java:136)
	at org.openqa.selenium.remote.service.DriverCommandExecutor.execute(DriverCommandExecutor.java:83)
	at org.openqa.selenium.remote.RemoteWebDriver.execute(RemoteWebDriver.java:552)
	at org.openqa.selenium.remote.RemoteWebDriver.startSession(RemoteWebDriver.java:213)
	at org.openqa.selenium.remote.RemoteWebDriver.&lt;init&gt;(RemoteWebDriver.java:131)
	at org.openqa.selenium.chrome.ChromeDriver.&lt;init&gt;(ChromeDriver.java:181)
	at org.openqa.selenium.chrome.ChromeDriver.&lt;init&gt;(ChromeDriver.java:168)
	at org.openqa.selenium.chrome.ChromeDriver.&lt;init&gt;(ChromeDriver.java:123)
	at generics.BaseTest.setup(BaseTest.java:43)
	at java.base/java.util.ArrayList.forEach(ArrayList.java:1511)
... Removed 26 stack frames</div></td></tr></table><p class="totop"><a href="#summary">back to summary</a></p>
<h3 id="m1">test.ActitimeloginLogout#login</h3><table class="result"><tr><th>Exception</th></tr><tr><td><div class="stacktrace">org.openqa.selenium.SessionNotCreatedException: session not created: This version of ChromeDriver only supports Chrome version 105
Current browser version is 108.0.5359.125 with binary path C:\Program Files\Google\Chrome\Application\chrome.exe
Build info: version: &apos;3.141.59&apos;, revision: &apos;e82be7d358&apos;, time: &apos;2018-11-14T08:25:53&apos;
System info: host: &apos;LAPTOP-T9MLA83G&apos;, ip: &apos;192.168.29.48&apos;, os.name: &apos;Windows 11&apos;, os.arch: &apos;amd64&apos;, os.version: &apos;10.0&apos;, java.version: &apos;19.0.1&apos;
Driver info: driver.version: ChromeDriver
remote stacktrace: Backtrace:
	Ordinal0 [0x005FDF13+2219795]
	Ordinal0 [0x00592841+1779777]
	Ordinal0 [0x004A423D+803389]
	Ordinal0 [0x004C64AC+943276]
	Ordinal0 [0x004C19F0+924144]
	Ordinal0 [0x004BF179+913785]
	Ordinal0 [0x004F36B9+1128121]
	Ordinal0 [0x004F331A+1127194]
	Ordinal0 [0x004EE616+1107478]
	Ordinal0 [0x004C7F89+950153]
	Ordinal0 [0x004C8F56+954198]
	GetHandleVerifier [0x008F2CB2+3040210]
	GetHandleVerifier [0x008E2BB4+2974420]
	GetHandleVerifier [0x00696A0A+565546]
	GetHandleVerifier [0x00695680+560544]
	Ordinal0 [0x00599A5C+1808988]
	Ordinal0 [0x0059E3A8+1827752]
	Ordinal0 [0x0059E495+1827989]
	Ordinal0 [0x005A80A4+1867940]
	BaseThreadInitThunk [0x76A27D69+25]
	RtlInitializeExceptionChain [0x779DBB9B+107]
	RtlClearBits [0x779DBB1F+191]

	at org.openqa.selenium.remote.W3CHandshakeResponse.lambda$errorHandler$0(W3CHandshakeResponse.java:62)
	at org.openqa.selenium.remote.HandshakeResponse.lambda$getResponseFunction$0(HandshakeResponse.java:30)
	at org.openqa.selenium.remote.ProtocolHandshake.lambda$createSession$0(ProtocolHandshake.java:126)
	at java.base/java.util.stream.ReferencePipeline$3$1.accept(ReferencePipeline.java:197)
	at java.base/java.util.Spliterators$ArraySpliterator.tryAdvance(Spliterators.java:1016)
	at java.base/java.util.stream.ReferencePipeline.forEachWithCancel(ReferencePipeline.java:129)
	at java.base/java.util.stream.AbstractPipeline.copyIntoWithCancel(AbstractPipeline.java:527)
	at java.base/java.util.stream.AbstractPipeline.copyInto(AbstractPipeline.java:513)
	at java.base/java.util.stream.AbstractPipeline.wrapAndCopyInto(AbstractPipeline.java:499)
	at java.base/java.util.stream.FindOps$FindOp.evaluateSequential(FindOps.java:150)
	at java.base/java.util.stream.AbstractPipeline.evaluate(AbstractPipeline.java:234)
	at java.base/java.util.stream.ReferencePipeline.findFirst(ReferencePipeline.java:647)
	at org.openqa.selenium.remote.ProtocolHandshake.createSession(ProtocolHandshake.java:128)
	at org.openqa.selenium.remote.ProtocolHandshake.createSession(ProtocolHandshake.java:74)
	at org.openqa.selenium.remote.HttpCommandExecutor.execute(HttpCommandExecutor.java:136)
	at org.openqa.selenium.remote.service.DriverCommandExecutor.execute(DriverCommandExecutor.java:83)
	at org.openqa.selenium.remote.RemoteWebDriver.execute(RemoteWebDriver.java:552)
	at org.openqa.selenium.remote.RemoteWebDriver.startSession(RemoteWebDriver.java:213)
	at org.openqa.selenium.remote.RemoteWebDriver.&lt;init&gt;(RemoteWebDriver.java:131)
	at org.openqa.selenium.chrome.ChromeDriver.&lt;init&gt;(ChromeDriver.java:181)
	at org.openqa.selenium.chrome.ChromeDriver.&lt;init&gt;(ChromeDriver.java:168)
	at org.openqa.selenium.chrome.ChromeDriver.&lt;init&gt;(ChromeDriver.java:123)
	at generics.BaseTest.setup(BaseTest.java:43)
	at java.base/java.util.ArrayList.forEach(ArrayList.java:1511)
... Removed 26 stack frames</div></td></tr></table><p class="totop"><a href="#summary">back to summary</a></p>
<h2>Testedge</h2><h3 id="m2">test.ActitimeloginLogout#setup</h3><table class="result"><tr class="param"><th>Parameter #1</th></tr><tr class="param stripe"><td>edge</td></tr><tr><th>Exception</th></tr><tr><td><div class="stacktrace">org.openqa.selenium.SessionNotCreatedException: session not created: This version of Microsoft Edge WebDriver only supports Microsoft Edge version 104
Current browser version is 108.0.1462.54 with binary path C:\Program Files (x86)\Microsoft\Edge\Application\msedge.exe
Build info: version: &apos;3.141.59&apos;, revision: &apos;e82be7d358&apos;, time: &apos;2018-11-14T08:25:53&apos;
System info: host: &apos;LAPTOP-T9MLA83G&apos;, ip: &apos;192.168.29.48&apos;, os.name: &apos;Windows 11&apos;, os.arch: &apos;amd64&apos;, os.version: &apos;10.0&apos;, java.version: &apos;19.0.1&apos;
Driver info: driver.version: EdgeDriver
remote stacktrace: Backtrace:
	Microsoft::Applications::Events::EventProperties::unpack [0x00007FF707A44182+26370]
	Microsoft::Applications::Events::GUID_t::GUID_t [0x00007FF7079994E2+339106]
	Ordinal0 [0x00007FF707527821+620577]
	Ordinal0 [0x00007FF707553B19+801561]
	Ordinal0 [0x00007FF70754F6F0+784112]
	Ordinal0 [0x00007FF70754A8E8+764136]
	Ordinal0 [0x00007FF707584B4F+1002319]
	Ordinal0 [0x00007FF70757F263+979555]
	Ordinal0 [0x00007FF707556070+811120]
	Ordinal0 [0x00007FF707557668+816744]
	Microsoft::Applications::Events::EventProperty::EventProperty [0x00007FF7077F2998+128088]
	Microsoft::Applications::Events::EventProperty::EventProperty [0x00007FF7077DC2EB+36267]
	Microsoft::Applications::Events::EventProperty::EventProperty [0x00007FF7077DF30C+48588]
	Microsoft::Applications::Events::EventProperty::to_string [0x00007FF707634393+22115]
	Microsoft::Applications::Events::GUID_t::GUID_t [0x00007FF7079A0B0B+369355]
	Microsoft::Applications::Events::GUID_t::GUID_t [0x00007FF7079A59A4+389476]
	Microsoft::Applications::Events::GUID_t::GUID_t [0x00007FF7079A5AFD+389821]
	Microsoft::Applications::Events::time_ticks_t::time_ticks_t [0x00007FF7079B0589+40761]
	BaseThreadInitThunk [0x00007FFEEEF326BD+29]
	RtlUserThreadStart [0x00007FFEEF2ADFB8+40]

	at org.openqa.selenium.remote.W3CHandshakeResponse.lambda$errorHandler$0(W3CHandshakeResponse.java:62)
	at org.openqa.selenium.remote.HandshakeResponse.lambda$getResponseFunction$0(HandshakeResponse.java:30)
	at org.openqa.selenium.remote.ProtocolHandshake.lambda$createSession$0(ProtocolHandshake.java:126)
	at java.base/java.util.stream.ReferencePipeline$3$1.accept(ReferencePipeline.java:197)
	at java.base/java.util.Spliterators$ArraySpliterator.tryAdvance(Spliterators.java:1016)
	at java.base/java.util.stream.ReferencePipeline.forEachWithCancel(ReferencePipeline.java:129)
	at java.base/java.util.stream.AbstractPipeline.copyIntoWithCancel(AbstractPipeline.java:527)
	at java.base/java.util.stream.AbstractPipeline.copyInto(AbstractPipeline.java:513)
	at java.base/java.util.stream.AbstractPipeline.wrapAndCopyInto(AbstractPipeline.java:499)
	at java.base/java.util.stream.FindOps$FindOp.evaluateSequential(FindOps.java:150)
	at java.base/java.util.stream.AbstractPipeline.evaluate(AbstractPipeline.java:234)
	at java.base/java.util.stream.ReferencePipeline.findFirst(ReferencePipeline.java:647)
	at org.openqa.selenium.remote.ProtocolHandshake.createSession(ProtocolHandshake.java:128)
	at org.openqa.selenium.remote.ProtocolHandshake.createSession(ProtocolHandshake.java:74)
	at org.openqa.selenium.remote.HttpCommandExecutor.execute(HttpCommandExecutor.java:136)
	at org.openqa.selenium.remote.service.DriverCommandExecutor.execute(DriverCommandExecutor.java:83)
	at org.openqa.selenium.remote.RemoteWebDriver.execute(RemoteWebDriver.java:552)
	at org.openqa.selenium.remote.RemoteWebDriver.startSession(RemoteWebDriver.java:213)
	at org.openqa.selenium.remote.RemoteWebDriver.&lt;init&gt;(RemoteWebDriver.java:131)
	at org.openqa.selenium.edge.EdgeDriver.&lt;init&gt;(EdgeDriver.java:141)
	at org.openqa.selenium.edge.EdgeDriver.&lt;init&gt;(EdgeDriver.java:96)
	at generics.BaseTest.setup(BaseTest.java:50)
	at java.base/java.util.ArrayList.forEach(ArrayList.java:1511)
... Removed 26 stack frames</div></td></tr></table><p class="totop"><a href="#summary">back to summary</a></p>
<h3 id="m3">test.ActitimeloginLogout#login</h3><table class="result"><tr><th>Exception</th></tr><tr><td><div class="stacktrace">org.openqa.selenium.SessionNotCreatedException: session not created: This version of Microsoft Edge WebDriver only supports Microsoft Edge version 104
Current browser version is 108.0.1462.54 with binary path C:\Program Files (x86)\Microsoft\Edge\Application\msedge.exe
Build info: version: &apos;3.141.59&apos;, revision: &apos;e82be7d358&apos;, time: &apos;2018-11-14T08:25:53&apos;
System info: host: &apos;LAPTOP-T9MLA83G&apos;, ip: &apos;192.168.29.48&apos;, os.name: &apos;Windows 11&apos;, os.arch: &apos;amd64&apos;, os.version: &apos;10.0&apos;, java.version: &apos;19.0.1&apos;
Driver info: driver.version: EdgeDriver
remote stacktrace: Backtrace:
	Microsoft::Applications::Events::EventProperties::unpack [0x00007FF707A44182+26370]
	Microsoft::Applications::Events::GUID_t::GUID_t [0x00007FF7079994E2+339106]
	Ordinal0 [0x00007FF707527821+620577]
	Ordinal0 [0x00007FF707553B19+801561]
	Ordinal0 [0x00007FF70754F6F0+784112]
	Ordinal0 [0x00007FF70754A8E8+764136]
	Ordinal0 [0x00007FF707584B4F+1002319]
	Ordinal0 [0x00007FF70757F263+979555]
	Ordinal0 [0x00007FF707556070+811120]
	Ordinal0 [0x00007FF707557668+816744]
	Microsoft::Applications::Events::EventProperty::EventProperty [0x00007FF7077F2998+128088]
	Microsoft::Applications::Events::EventProperty::EventProperty [0x00007FF7077DC2EB+36267]
	Microsoft::Applications::Events::EventProperty::EventProperty [0x00007FF7077DF30C+48588]
	Microsoft::Applications::Events::EventProperty::to_string [0x00007FF707634393+22115]
	Microsoft::Applications::Events::GUID_t::GUID_t [0x00007FF7079A0B0B+369355]
	Microsoft::Applications::Events::GUID_t::GUID_t [0x00007FF7079A59A4+389476]
	Microsoft::Applications::Events::GUID_t::GUID_t [0x00007FF7079A5AFD+389821]
	Microsoft::Applications::Events::time_ticks_t::time_ticks_t [0x00007FF7079B0589+40761]
	BaseThreadInitThunk [0x00007FFEEEF326BD+29]
	RtlUserThreadStart [0x00007FFEEF2ADFB8+40]

	at org.openqa.selenium.remote.W3CHandshakeResponse.lambda$errorHandler$0(W3CHandshakeResponse.java:62)
	at org.openqa.selenium.remote.HandshakeResponse.lambda$getResponseFunction$0(HandshakeResponse.java:30)
	at org.openqa.selenium.remote.ProtocolHandshake.lambda$createSession$0(ProtocolHandshake.java:126)
	at java.base/java.util.stream.ReferencePipeline$3$1.accept(ReferencePipeline.java:197)
	at java.base/java.util.Spliterators$ArraySpliterator.tryAdvance(Spliterators.java:1016)
	at java.base/java.util.stream.ReferencePipeline.forEachWithCancel(ReferencePipeline.java:129)
	at java.base/java.util.stream.AbstractPipeline.copyIntoWithCancel(AbstractPipeline.java:527)
	at java.base/java.util.stream.AbstractPipeline.copyInto(AbstractPipeline.java:513)
	at java.base/java.util.stream.AbstractPipeline.wrapAndCopyInto(AbstractPipeline.java:499)
	at java.base/java.util.stream.FindOps$FindOp.evaluateSequential(FindOps.java:150)
	at java.base/java.util.stream.AbstractPipeline.evaluate(AbstractPipeline.java:234)
	at java.base/java.util.stream.ReferencePipeline.findFirst(ReferencePipeline.java:647)
	at org.openqa.selenium.remote.ProtocolHandshake.createSession(ProtocolHandshake.java:128)
	at org.openqa.selenium.remote.ProtocolHandshake.createSession(ProtocolHandshake.java:74)
	at org.openqa.selenium.remote.HttpCommandExecutor.execute(HttpCommandExecutor.java:136)
	at org.openqa.selenium.remote.service.DriverCommandExecutor.execute(DriverCommandExecutor.java:83)
	at org.openqa.selenium.remote.RemoteWebDriver.execute(RemoteWebDriver.java:552)
	at org.openqa.selenium.remote.RemoteWebDriver.startSession(RemoteWebDriver.java:213)
	at org.openqa.selenium.remote.RemoteWebDriver.&lt;init&gt;(RemoteWebDriver.java:131)
	at org.openqa.selenium.edge.EdgeDriver.&lt;init&gt;(EdgeDriver.java:141)
	at org.openqa.selenium.edge.EdgeDriver.&lt;init&gt;(EdgeDriver.java:96)
	at generics.BaseTest.setup(BaseTest.java:50)
	at java.base/java.util.ArrayList.forEach(ArrayList.java:1511)
... Removed 26 stack frames</div></td></tr></table><p class="totop"><a href="#summary">back to summary</a></p>
</body>
</html>
