<?xml version="1.0" encoding="UTF-8"?>
<!-- Generated by org.testng.reporters.JUnitReportReporter -->
<testsuite hostname="LAPTOP-T9MLA83G" failures="0" tests="4" name="test.ActitimeloginLogout" time="5.833" errors="2" timestamp="2022-12-24T23:18:26 IST" skipped="2">
  <testcase classname="test.ActitimeloginLogout" name="login" time="0.000">
    <skipped/>
  </testcase> <!-- login -->
  <system-out/>
  <testcase classname="test.ActitimeloginLogout" name="login" time="0.000">
    <skipped/>
  </testcase> <!-- login -->
  <system-out/>
  <testcase classname="test.ActitimeloginLogout" name="setup" time="2.168">
    <error message="session not created: This version of Microsoft Edge WebDriver only supports Microsoft Edge version 104
Current browser version is 108.0.1462.54 with binary path C:\Program Files (x86)\Microsoft\Edge\Application\msedge.exe
Build info: version: &#039;3.141.59&#039;, revision: &#039;e82be7d358&#039;, time: &#039;2018-11-14T08:25:53&#039;
System info: host: &#039;LAPTOP-T9MLA83G&#039;, ip: &#039;192.168.29.48&#039;, os.name: &#039;Windows 11&#039;, os.arch: &#039;amd64&#039;, os.version: &#039;10.0&#039;, java.version: &#039;19.0.1&#039;
Driver info: driver.version: EdgeDriver
remote stacktrace: Backtrace:
	Microsoft::Applications::Events::EventProperties::unpack [0x00007FF707A44182+26370]
	Microsoft::Applications::Events::GUID_t::GUID_t [0x00007FF7079994E2+339106]
	Ordinal0 [0x00007FF707527821+620577]
	Ordinal0 [0x00007FF707553B19+801561]
	Ordinal0 [0x00007FF70754F6F0+784112]
	Ordinal0 [0x00007FF70754A8E8+764136]
	Ordinal0 [0x00007FF707584B4F+1002319]
	Ordinal0 [0x00007FF70757F263+979555]
	Ordinal0 [0x00007FF707556070+811120]
	Ordinal0 [0x00007FF707557668+816744]
	Microsoft::Applications::Events::EventProperty::EventProperty [0x00007FF7077F2998+128088]
	Microsoft::Applications::Events::EventProperty::EventProperty [0x00007FF7077DC2EB+36267]
	Microsoft::Applications::Events::EventProperty::EventProperty [0x00007FF7077DF30C+48588]
	Microsoft::Applications::Events::EventProperty::to_string [0x00007FF707634393+22115]
	Microsoft::Applications::Events::GUID_t::GUID_t [0x00007FF7079A0B0B+369355]
	Microsoft::Applications::Events::GUID_t::GUID_t [0x00007FF7079A59A4+389476]
	Microsoft::Applications::Events::GUID_t::GUID_t [0x00007FF7079A5AFD+389821]
	Microsoft::Applications::Events::time_ticks_t::time_ticks_t [0x00007FF7079B0589+40761]
	BaseThreadInitThunk [0x00007FFEEEF326BD+29]
	RtlUserThreadStart [0x00007FFEEF2ADFB8+40]
" type="org.openqa.selenium.SessionNotCreatedException">
      <![CDATA[org.openqa.selenium.SessionNotCreatedException: session not created: This version of Microsoft Edge WebDriver only supports Microsoft Edge version 104
Current browser version is 108.0.1462.54 with binary path C:\Program Files (x86)\Microsoft\Edge\Application\msedge.exe
Build info: version: '3.141.59', revision: 'e82be7d358', time: '2018-11-14T08:25:53'
System info: host: 'LAPTOP-T9MLA83G', ip: '192.168.29.48', os.name: 'Windows 11', os.arch: 'amd64', os.version: '10.0', java.version: '19.0.1'
Driver info: driver.version: EdgeDriver
remote stacktrace: Backtrace:
Microsoft::Applications::Events::EventProperties::unpack [0x00007FF707A44182+26370]
Microsoft::Applications::Events::GUID_t::GUID_t [0x00007FF7079994E2+339106]
Ordinal0 [0x00007FF707527821+620577]
Ordinal0 [0x00007FF707553B19+801561]
Ordinal0 [0x00007FF70754F6F0+784112]
Ordinal0 [0x00007FF70754A8E8+764136]
Ordinal0 [0x00007FF707584B4F+1002319]
Ordinal0 [0x00007FF70757F263+979555]
Ordinal0 [0x00007FF707556070+811120]
Ordinal0 [0x00007FF707557668+816744]
Microsoft::Applications::Events::EventProperty::EventProperty [0x00007FF7077F2998+128088]
Microsoft::Applications::Events::EventProperty::EventProperty [0x00007FF7077DC2EB+36267]
Microsoft::Applications::Events::EventProperty::EventProperty [0x00007FF7077DF30C+48588]
Microsoft::Applications::Events::EventProperty::to_string [0x00007FF707634393+22115]
Microsoft::Applications::Events::GUID_t::GUID_t [0x00007FF7079A0B0B+369355]
Microsoft::Applications::Events::GUID_t::GUID_t [0x00007FF7079A59A4+389476]
Microsoft::Applications::Events::GUID_t::GUID_t [0x00007FF7079A5AFD+389821]
Microsoft::Applications::Events::time_ticks_t::time_ticks_t [0x00007FF7079B0589+40761]
BaseThreadInitThunk [0x00007FFEEEF326BD+29]
RtlUserThreadStart [0x00007FFEEF2ADFB8+40]

at java.base/jdk.internal.reflect.DirectConstructorHandleAccessor.newInstance(DirectConstructorHandleAccessor.java:67)
at java.base/java.lang.reflect.Constructor.newInstanceWithCaller(Constructor.java:500)
at java.base/java.lang.reflect.Constructor.newInstance(Constructor.java:484)
at org.openqa.selenium.remote.W3CHandshakeResponse.lambda$errorHandler$0(W3CHandshakeResponse.java:62)
at org.openqa.selenium.remote.HandshakeResponse.lambda$getResponseFunction$0(HandshakeResponse.java:30)
at org.openqa.selenium.remote.ProtocolHandshake.lambda$createSession$0(ProtocolHandshake.java:126)
at java.base/java.util.stream.ReferencePipeline$3$1.accept(ReferencePipeline.java:197)
at java.base/java.util.Spliterators$ArraySpliterator.tryAdvance(Spliterators.java:1016)
at java.base/java.util.stream.ReferencePipeline.forEachWithCancel(ReferencePipeline.java:129)
at java.base/java.util.stream.AbstractPipeline.copyIntoWithCancel(AbstractPipeline.java:527)
at java.base/java.util.stream.AbstractPipeline.copyInto(AbstractPipeline.java:513)
at java.base/java.util.stream.AbstractPipeline.wrapAndCopyInto(AbstractPipeline.java:499)
at java.base/java.util.stream.FindOps$FindOp.evaluateSequential(FindOps.java:150)
at java.base/java.util.stream.AbstractPipeline.evaluate(AbstractPipeline.java:234)
at java.base/java.util.stream.ReferencePipeline.findFirst(ReferencePipeline.java:647)
at org.openqa.selenium.remote.ProtocolHandshake.createSession(ProtocolHandshake.java:128)
at org.openqa.selenium.remote.ProtocolHandshake.createSession(ProtocolHandshake.java:74)
at org.openqa.selenium.remote.HttpCommandExecutor.execute(HttpCommandExecutor.java:136)
at org.openqa.selenium.remote.service.DriverCommandExecutor.execute(DriverCommandExecutor.java:83)
at org.openqa.selenium.remote.RemoteWebDriver.execute(RemoteWebDriver.java:552)
at org.openqa.selenium.remote.RemoteWebDriver.startSession(RemoteWebDriver.java:213)
at org.openqa.selenium.remote.RemoteWebDriver.<init>(RemoteWebDriver.java:131)
at org.openqa.selenium.edge.EdgeDriver.<init>(EdgeDriver.java:141)
at org.openqa.selenium.edge.EdgeDriver.<init>(EdgeDriver.java:96)
at generics.BaseTest.setup(BaseTest.java:50)
at java.base/jdk.internal.reflect.DirectMethodHandleAccessor.invoke(DirectMethodHandleAccessor.java:104)
at java.base/java.lang.reflect.Method.invoke(Method.java:578)
at org.testng.internal.MethodInvocationHelper.invokeMethod(MethodInvocationHelper.java:133)
at org.testng.internal.MethodInvocationHelper.invokeMethodConsideringTimeout(MethodInvocationHelper.java:62)
at org.testng.internal.ConfigInvoker.invokeConfigurationMethod(ConfigInvoker.java:385)
at org.testng.internal.ConfigInvoker.invokeConfigurations(ConfigInvoker.java:321)
at org.testng.internal.TestMethodWorker.invokeBeforeClassMethods(TestMethodWorker.java:176)
at org.testng.internal.TestMethodWorker.run(TestMethodWorker.java:122)
at java.base/java.util.ArrayList.forEach(ArrayList.java:1511)
at org.testng.TestRunner.privateRun(TestRunner.java:794)
at org.testng.TestRunner.run(TestRunner.java:596)
at org.testng.SuiteRunner.runTest(SuiteRunner.java:377)
at org.testng.SuiteRunner.runSequentially(SuiteRunner.java:371)
at org.testng.SuiteRunner.privateRun(SuiteRunner.java:332)
at org.testng.SuiteRunner.run(SuiteRunner.java:276)
at org.testng.SuiteRunnerWorker.runSuite(SuiteRunnerWorker.java:53)
at org.testng.SuiteRunnerWorker.run(SuiteRunnerWorker.java:96)
at org.testng.TestNG.runSuitesSequentially(TestNG.java:1212)
at org.testng.TestNG.runSuitesLocally(TestNG.java:1134)
at org.testng.TestNG.runSuites(TestNG.java:1063)
at org.testng.TestNG.run(TestNG.java:1031)
at org.testng.remote.AbstractRemoteTestNG.run(AbstractRemoteTestNG.java:115)
at org.testng.remote.RemoteTestNG.initAndRun(RemoteTestNG.java:251)
at org.testng.remote.RemoteTestNG.main(RemoteTestNG.java:77)
]]>
    </error>
  </testcase> <!-- setup -->
  <system-out/>
  <testcase classname="test.ActitimeloginLogout" name="setup" time="3.665">
    <error message="session not created: This version of ChromeDriver only supports Chrome version 105
Current browser version is 108.0.5359.125 with binary path C:\Program Files\Google\Chrome\Application\chrome.exe
Build info: version: &#039;3.141.59&#039;, revision: &#039;e82be7d358&#039;, time: &#039;2018-11-14T08:25:53&#039;
System info: host: &#039;LAPTOP-T9MLA83G&#039;, ip: &#039;192.168.29.48&#039;, os.name: &#039;Windows 11&#039;, os.arch: &#039;amd64&#039;, os.version: &#039;10.0&#039;, java.version: &#039;19.0.1&#039;
Driver info: driver.version: ChromeDriver
remote stacktrace: Backtrace:
	Ordinal0 [0x005FDF13+2219795]
	Ordinal0 [0x00592841+1779777]
	Ordinal0 [0x004A423D+803389]
	Ordinal0 [0x004C64AC+943276]
	Ordinal0 [0x004C19F0+924144]
	Ordinal0 [0x004BF179+913785]
	Ordinal0 [0x004F36B9+1128121]
	Ordinal0 [0x004F331A+1127194]
	Ordinal0 [0x004EE616+1107478]
	Ordinal0 [0x004C7F89+950153]
	Ordinal0 [0x004C8F56+954198]
	GetHandleVerifier [0x008F2CB2+3040210]
	GetHandleVerifier [0x008E2BB4+2974420]
	GetHandleVerifier [0x00696A0A+565546]
	GetHandleVerifier [0x00695680+560544]
	Ordinal0 [0x00599A5C+1808988]
	Ordinal0 [0x0059E3A8+1827752]
	Ordinal0 [0x0059E495+1827989]
	Ordinal0 [0x005A80A4+1867940]
	BaseThreadInitThunk [0x76A27D69+25]
	RtlInitializeExceptionChain [0x779DBB9B+107]
	RtlClearBits [0x779DBB1F+191]
" type="org.openqa.selenium.SessionNotCreatedException">
      <![CDATA[org.openqa.selenium.SessionNotCreatedException: session not created: This version of ChromeDriver only supports Chrome version 105
Current browser version is 108.0.5359.125 with binary path C:\Program Files\Google\Chrome\Application\chrome.exe
Build info: version: '3.141.59', revision: 'e82be7d358', time: '2018-11-14T08:25:53'
System info: host: 'LAPTOP-T9MLA83G', ip: '192.168.29.48', os.name: 'Windows 11', os.arch: 'amd64', os.version: '10.0', java.version: '19.0.1'
Driver info: driver.version: ChromeDriver
remote stacktrace: Backtrace:
Ordinal0 [0x005FDF13+2219795]
Ordinal0 [0x00592841+1779777]
Ordinal0 [0x004A423D+803389]
Ordinal0 [0x004C64AC+943276]
Ordinal0 [0x004C19F0+924144]
Ordinal0 [0x004BF179+913785]
Ordinal0 [0x004F36B9+1128121]
Ordinal0 [0x004F331A+1127194]
Ordinal0 [0x004EE616+1107478]
Ordinal0 [0x004C7F89+950153]
Ordinal0 [0x004C8F56+954198]
GetHandleVerifier [0x008F2CB2+3040210]
GetHandleVerifier [0x008E2BB4+2974420]
GetHandleVerifier [0x00696A0A+565546]
GetHandleVerifier [0x00695680+560544]
Ordinal0 [0x00599A5C+1808988]
Ordinal0 [0x0059E3A8+1827752]
Ordinal0 [0x0059E495+1827989]
Ordinal0 [0x005A80A4+1867940]
BaseThreadInitThunk [0x76A27D69+25]
RtlInitializeExceptionChain [0x779DBB9B+107]
RtlClearBits [0x779DBB1F+191]

at java.base/jdk.internal.reflect.DirectConstructorHandleAccessor.newInstance(DirectConstructorHandleAccessor.java:67)
at java.base/java.lang.reflect.Constructor.newInstanceWithCaller(Constructor.java:500)
at java.base/java.lang.reflect.Constructor.newInstance(Constructor.java:484)
at org.openqa.selenium.remote.W3CHandshakeResponse.lambda$errorHandler$0(W3CHandshakeResponse.java:62)
at org.openqa.selenium.remote.HandshakeResponse.lambda$getResponseFunction$0(HandshakeResponse.java:30)
at org.openqa.selenium.remote.ProtocolHandshake.lambda$createSession$0(ProtocolHandshake.java:126)
at java.base/java.util.stream.ReferencePipeline$3$1.accept(ReferencePipeline.java:197)
at java.base/java.util.Spliterators$ArraySpliterator.tryAdvance(Spliterators.java:1016)
at java.base/java.util.stream.ReferencePipeline.forEachWithCancel(ReferencePipeline.java:129)
at java.base/java.util.stream.AbstractPipeline.copyIntoWithCancel(AbstractPipeline.java:527)
at java.base/java.util.stream.AbstractPipeline.copyInto(AbstractPipeline.java:513)
at java.base/java.util.stream.AbstractPipeline.wrapAndCopyInto(AbstractPipeline.java:499)
at java.base/java.util.stream.FindOps$FindOp.evaluateSequential(FindOps.java:150)
at java.base/java.util.stream.AbstractPipeline.evaluate(AbstractPipeline.java:234)
at java.base/java.util.stream.ReferencePipeline.findFirst(ReferencePipeline.java:647)
at org.openqa.selenium.remote.ProtocolHandshake.createSession(ProtocolHandshake.java:128)
at org.openqa.selenium.remote.ProtocolHandshake.createSession(ProtocolHandshake.java:74)
at org.openqa.selenium.remote.HttpCommandExecutor.execute(HttpCommandExecutor.java:136)
at org.openqa.selenium.remote.service.DriverCommandExecutor.execute(DriverCommandExecutor.java:83)
at org.openqa.selenium.remote.RemoteWebDriver.execute(RemoteWebDriver.java:552)
at org.openqa.selenium.remote.RemoteWebDriver.startSession(RemoteWebDriver.java:213)
at org.openqa.selenium.remote.RemoteWebDriver.<init>(RemoteWebDriver.java:131)
at org.openqa.selenium.chrome.ChromeDriver.<init>(ChromeDriver.java:181)
at org.openqa.selenium.chrome.ChromeDriver.<init>(ChromeDriver.java:168)
at org.openqa.selenium.chrome.ChromeDriver.<init>(ChromeDriver.java:123)
at generics.BaseTest.setup(BaseTest.java:43)
at java.base/jdk.internal.reflect.DirectMethodHandleAccessor.invoke(DirectMethodHandleAccessor.java:104)
at java.base/java.lang.reflect.Method.invoke(Method.java:578)
at org.testng.internal.MethodInvocationHelper.invokeMethod(MethodInvocationHelper.java:133)
at org.testng.internal.MethodInvocationHelper.invokeMethodConsideringTimeout(MethodInvocationHelper.java:62)
at org.testng.internal.ConfigInvoker.invokeConfigurationMethod(ConfigInvoker.java:385)
at org.testng.internal.ConfigInvoker.invokeConfigurations(ConfigInvoker.java:321)
at org.testng.internal.TestMethodWorker.invokeBeforeClassMethods(TestMethodWorker.java:176)
at org.testng.internal.TestMethodWorker.run(TestMethodWorker.java:122)
at java.base/java.util.ArrayList.forEach(ArrayList.java:1511)
at org.testng.TestRunner.privateRun(TestRunner.java:794)
at org.testng.TestRunner.run(TestRunner.java:596)
at org.testng.SuiteRunner.runTest(SuiteRunner.java:377)
at org.testng.SuiteRunner.runSequentially(SuiteRunner.java:371)
at org.testng.SuiteRunner.privateRun(SuiteRunner.java:332)
at org.testng.SuiteRunner.run(SuiteRunner.java:276)
at org.testng.SuiteRunnerWorker.runSuite(SuiteRunnerWorker.java:53)
at org.testng.SuiteRunnerWorker.run(SuiteRunnerWorker.java:96)
at org.testng.TestNG.runSuitesSequentially(TestNG.java:1212)
at org.testng.TestNG.runSuitesLocally(TestNG.java:1134)
at org.testng.TestNG.runSuites(TestNG.java:1063)
at org.testng.TestNG.run(TestNG.java:1031)
at org.testng.remote.AbstractRemoteTestNG.run(AbstractRemoteTestNG.java:115)
at org.testng.remote.RemoteTestNG.initAndRun(RemoteTestNG.java:251)
at org.testng.remote.RemoteTestNG.main(RemoteTestNG.java:77)
]]>
    </error>
  </testcase> <!-- setup -->
  <system-out/>
</testsuite> <!-- test.ActitimeloginLogout -->
